
  .   ____          _            __ _ _
 /\\ / ___'_ __ _ _(_)_ __  __ _ \ \ \ \
( ( )\___ | '_ | '_| | '_ \/ _` | \ \ \ \
 \\/  ___)| |_)| | | | | || (_| |  ) ) ) )
  '  |____| .__|_| |_|_| |_\__, | / / / /
 =========|_|==============|___/=/_/_/_/

 :: Spring Boot ::                (v3.4.0)

2024-12-17T18:38:19.810-05:00  INFO 19856 --- [ms-customer] [           main] c.synopsis.customer.CustomerApplication  : Starting CustomerApplication v0.0.1-SNAPSHOT using Java 17.0.2 with PID 19856 (C:\Users\LAPLEN49\Documents\ms\customer\customer\target\customer-0.0.1-SNAPSHOT.jar started by LAPLEN49 in C:\Users\LAPLEN49\Documents\ms\customer\customer)
2024-12-17T18:38:19.818-05:00  INFO 19856 --- [ms-customer] [           main] c.synopsis.customer.CustomerApplication  : No active profile set, falling back to 1 default profile: "default"
2024-12-17T18:38:19.965-05:00  INFO 19856 --- [ms-customer] [           main] o.s.c.c.c.ConfigServerConfigDataLoader   : Fetching config from server at : http://localhost:8888
2024-12-17T18:38:19.965-05:00  INFO 19856 --- [ms-customer] [           main] o.s.c.c.c.ConfigServerConfigDataLoader   : Located environment: name=ms-customer, profiles=[dev], label=null, version=b51ee45065546d154d92665156f8f9c3a58f9c1e, state=
2024-12-17T18:38:24.136-05:00  INFO 19856 --- [ms-customer] [           main] .s.d.r.c.RepositoryConfigurationDelegate : Bootstrapping Spring Data JPA repositories in DEFAULT mode.
2024-12-17T18:38:24.598-05:00  INFO 19856 --- [ms-customer] [           main] .s.d.r.c.RepositoryConfigurationDelegate : Finished Spring Data repository scanning in 414 ms. Found 1 JPA repository interface.
2024-12-17T18:38:25.298-05:00  INFO 19856 --- [ms-customer] [           main] o.s.cloud.context.scope.GenericScope     : BeanFactory id=ba1a5c74-866d-3588-aee8-261986d45ae7
2024-12-17T18:38:27.044-05:00  INFO 19856 --- [ms-customer] [           main] o.s.b.w.embedded.tomcat.TomcatWebServer  : Tomcat initialized with port 8082 (http)
2024-12-17T18:38:27.123-05:00  INFO 19856 --- [ms-customer] [           main] o.apache.catalina.core.StandardService   : Starting service [Tomcat]
2024-12-17T18:38:27.124-05:00  INFO 19856 --- [ms-customer] [           main] o.apache.catalina.core.StandardEngine    : Starting Servlet engine: [Apache Tomcat/10.1.33]
2024-12-17T18:38:27.222-05:00  INFO 19856 --- [ms-customer] [           main] o.a.c.c.C.[.[.[/ms-customer/v1]          : Initializing Spring embedded WebApplicationContext
2024-12-17T18:38:27.224-05:00  INFO 19856 --- [ms-customer] [           main] w.s.c.ServletWebServerApplicationContext : Root WebApplicationContext: initialization completed in 7246 ms
2024-12-17T18:38:28.424-05:00  INFO 19856 --- [ms-customer] [           main] o.hibernate.jpa.internal.util.LogHelper  : HHH000204: Processing PersistenceUnitInfo [name: default]
2024-12-17T18:38:28.654-05:00  INFO 19856 --- [ms-customer] [           main] org.hibernate.Version                    : HHH000412: Hibernate ORM core version 6.6.2.Final
2024-12-17T18:38:28.729-05:00  INFO 19856 --- [ms-customer] [           main] o.h.c.internal.RegionFactoryInitiator    : HHH000026: Second-level cache disabled
2024-12-17T18:38:29.435-05:00  INFO 19856 --- [ms-customer] [           main] o.s.o.j.p.SpringPersistenceUnitInfo      : No LoadTimeWeaver setup: ignoring JPA class transformer
2024-12-17T18:38:29.525-05:00  INFO 19856 --- [ms-customer] [           main] com.zaxxer.hikari.HikariDataSource       : HikariPool-1 - Starting...
2024-12-17T18:38:29.853-05:00  INFO 19856 --- [ms-customer] [           main] com.zaxxer.hikari.pool.HikariPool        : HikariPool-1 - Added connection org.postgresql.jdbc.PgConnection@3b764e66
2024-12-17T18:38:29.856-05:00  INFO 19856 --- [ms-customer] [           main] com.zaxxer.hikari.HikariDataSource       : HikariPool-1 - Start completed.
2024-12-17T18:38:29.912-05:00  WARN 19856 --- [ms-customer] [           main] org.hibernate.orm.deprecation            : HHH90000025: PostgreSQLDialect does not need to be specified explicitly using 'hibernate.dialect' (remove the property setting and it will be selected by default)
2024-12-17T18:38:29.949-05:00  INFO 19856 --- [ms-customer] [           main] org.hibernate.orm.connections.pooling    : HHH10001005: Database info:
	Database JDBC URL [Connecting through datasource 'HikariDataSource (HikariPool-1)']
	Database driver: undefined/unknown
	Database version: 17.2
	Autocommit mode: undefined/unknown
	Isolation level: undefined/unknown
	Minimum pool size: undefined/unknown
	Maximum pool size: undefined/unknown
2024-12-17T18:38:31.597-05:00  INFO 19856 --- [ms-customer] [           main] o.h.e.t.j.p.i.JtaPlatformInitiator       : HHH000489: No JTA platform available (set 'hibernate.transaction.jta.platform' to enable JTA platform integration)
2024-12-17T18:38:31.667-05:00  INFO 19856 --- [ms-customer] [           main] j.LocalContainerEntityManagerFactoryBean : Initialized JPA EntityManagerFactory for persistence unit 'default'
2024-12-17T18:38:32.105-05:00  INFO 19856 --- [ms-customer] [           main] o.s.d.j.r.query.QueryEnhancerFactory     : Hibernate is in classpath; If applicable, HQL parser will be used.
2024-12-17T18:38:32.730-05:00  WARN 19856 --- [ms-customer] [           main] JpaBaseConfiguration$JpaWebConfiguration : spring.jpa.open-in-view is enabled by default. Therefore, database queries may be performed during view rendering. Explicitly configure spring.jpa.open-in-view to disable this warning
2024-12-17T18:38:34.983-05:00  INFO 19856 --- [ms-customer] [           main] DiscoveryClientOptionalArgsConfiguration : Eureka HTTP Client uses RestTemplate.
2024-12-17T18:38:35.108-05:00  WARN 19856 --- [ms-customer] [           main] iguration$LoadBalancerCaffeineWarnLogger : Spring Cloud LoadBalancer is currently working with the default cache. While this cache implementation is useful for development and tests, it's recommended to use Caffeine cache in production.You can switch to using Caffeine cache, by adding it and org.springframework.cache.caffeine.CaffeineCacheManager to the classpath.
2024-12-17T18:38:35.124-05:00  INFO 19856 --- [ms-customer] [           main] o.s.b.a.e.web.EndpointLinksResolver      : Exposing 17 endpoints beneath base path '/actuator'
2024-12-17T18:38:35.263-05:00  INFO 19856 --- [ms-customer] [           main] o.s.c.n.eureka.InstanceInfoFactory       : Setting initial instance status as: STARTING
2024-12-17T18:38:35.318-05:00  INFO 19856 --- [ms-customer] [           main] com.netflix.discovery.DiscoveryClient    : Initializing Eureka in region us-east-1
2024-12-17T18:38:35.326-05:00  INFO 19856 --- [ms-customer] [           main] c.n.d.s.r.aws.ConfigClusterResolver      : Resolving eureka endpoints via configuration
2024-12-17T18:38:35.345-05:00  INFO 19856 --- [ms-customer] [           main] com.netflix.discovery.DiscoveryClient    : Disable delta property : false
2024-12-17T18:38:35.345-05:00  INFO 19856 --- [ms-customer] [           main] com.netflix.discovery.DiscoveryClient    : Single vip registry refresh property : null
2024-12-17T18:38:35.345-05:00  INFO 19856 --- [ms-customer] [           main] com.netflix.discovery.DiscoveryClient    : Force full registry fetch : false
2024-12-17T18:38:35.345-05:00  INFO 19856 --- [ms-customer] [           main] com.netflix.discovery.DiscoveryClient    : Application is null : false
2024-12-17T18:38:35.346-05:00  INFO 19856 --- [ms-customer] [           main] com.netflix.discovery.DiscoveryClient    : Registered Applications size is zero : true
2024-12-17T18:38:35.346-05:00  INFO 19856 --- [ms-customer] [           main] com.netflix.discovery.DiscoveryClient    : Application version is -1: true
2024-12-17T18:38:35.346-05:00  INFO 19856 --- [ms-customer] [           main] com.netflix.discovery.DiscoveryClient    : Getting all instance registry info from the eureka server
2024-12-17T18:38:35.619-05:00  INFO 19856 --- [ms-customer] [           main] com.netflix.discovery.DiscoveryClient    : The response status is 200
2024-12-17T18:38:35.623-05:00  INFO 19856 --- [ms-customer] [           main] com.netflix.discovery.DiscoveryClient    : Starting heartbeat executor: renew interval is: 30
2024-12-17T18:38:35.626-05:00  INFO 19856 --- [ms-customer] [           main] c.n.discovery.InstanceInfoReplicator     : InstanceInfoReplicator onDemand update allowed rate per min is 4
2024-12-17T18:38:35.628-05:00  INFO 19856 --- [ms-customer] [           main] com.netflix.discovery.DiscoveryClient    : Discovery Client initialized at timestamp 1734478715627 with initial instances count: 2
2024-12-17T18:38:35.638-05:00  INFO 19856 --- [ms-customer] [           main] o.s.c.n.e.s.EurekaServiceRegistry        : Registering application MS-CUSTOMER with eureka with status UP
2024-12-17T18:38:35.640-05:00  INFO 19856 --- [ms-customer] [           main] com.netflix.discovery.DiscoveryClient    : Saw local status change event StatusChangeEvent [timestamp=1734478715640, current=UP, previous=STARTING]
2024-12-17T18:38:35.641-05:00  WARN 19856 --- [ms-customer] [           main] c.n.discovery.InstanceInfoReplicator     : Ignoring onDemand update due to rate limiter
2024-12-17T18:38:35.691-05:00  INFO 19856 --- [ms-customer] [           main] o.s.b.w.embedded.tomcat.TomcatWebServer  : Tomcat started on port 8082 (http) with context path '/ms-customer/v1'
2024-12-17T18:38:35.693-05:00  INFO 19856 --- [ms-customer] [           main] .s.c.n.e.s.EurekaAutoServiceRegistration : Updating port to 8082
2024-12-17T18:38:35.705-05:00  INFO 19856 --- [ms-customer] [foReplicator-%d] com.netflix.discovery.DiscoveryClient    : DiscoveryClient_MS-CUSTOMER/host.docker.internal:ms-customer:8082: registering service...
2024-12-17T18:38:35.776-05:00  INFO 19856 --- [ms-customer] [foReplicator-%d] com.netflix.discovery.DiscoveryClient    : DiscoveryClient_MS-CUSTOMER/host.docker.internal:ms-customer:8082 - registration status: 204
2024-12-17T18:38:35.937-05:00  INFO 19856 --- [ms-customer] [           main] c.synopsis.customer.CustomerApplication  : Started CustomerApplication in 19.187 seconds (process running for 20.297)
2024-12-17T18:38:36.009-05:00  WARN 19856 --- [ms-customer] [gistrationTask1] d.c.b.a.c.r.ApplicationRegistrator       : Failed to register application as Application(name=ms-customer, managementUrl=http://host.docker.internal:8082/ms-customer/v1/actuator, healthUrl=http://host.docker.internal:8082/ms-customer/v1/actuator/health, serviceUrl=http://host.docker.internal:8082/ms-customer/v1) at spring-boot-admin ([http://localhost:8062/instances]): I/O error on POST request for "http://localhost:8062/instances": Connect to http://localhost:8062 [localhost/127.0.0.1, localhost/0:0:0:0:0:0:0:1] failed: Connection refused: no further information. Further attempts are logged on DEBUG level
