Standard Commons Logging discovery in action with spring-jcl: please remove commons-logging.jar from classpath in order to avoid potential conflicts

  .   ____          _            __ _ _
 /\\ / ___'_ __ _ _(_)_ __  __ _ \ \ \ \
( ( )\___ | '_ | '_| | '_ \/ _` | \ \ \ \
 \\/  ___)| |_)| | | | | || (_| |  ) ) ) )
  '  |____| .__|_| |_|_| |_\__, | / / / /
 =========|_|==============|___/=/_/_/_/

 :: Spring Boot ::                (v3.4.0)

2024-12-17T18:36:20.942-05:00  INFO 15836 --- [eureka-server] [           main] c.s.i.e.EurekaServerApplication          : Starting EurekaServerApplication v0.0.1-SNAPSHOT using Java 17.0.2 with PID 15836 (C:\Users\LAPLEN49\Documents\ms\eureka-server\eureka-server\target\eureka-server-0.0.1-SNAPSHOT.jar started by LAPLEN49 in C:\Users\LAPLEN49\Documents\ms\eureka-server\eureka-server)
2024-12-17T18:36:20.951-05:00  INFO 15836 --- [eureka-server] [           main] c.s.i.e.EurekaServerApplication          : No active profile set, falling back to 1 default profile: "default"
2024-12-17T18:36:25.637-05:00  INFO 15836 --- [eureka-server] [           main] o.s.cloud.context.scope.GenericScope     : BeanFactory id=6686b3d2-de92-38fe-8a3e-732c656658f0
2024-12-17T18:36:26.608-05:00  INFO 15836 --- [eureka-server] [           main] o.s.b.w.embedded.tomcat.TomcatWebServer  : Tomcat initialized with port 8761 (http)
2024-12-17T18:36:26.636-05:00  INFO 15836 --- [eureka-server] [           main] o.apache.catalina.core.StandardService   : Starting service [Tomcat]
2024-12-17T18:36:26.637-05:00  INFO 15836 --- [eureka-server] [           main] o.apache.catalina.core.StandardEngine    : Starting Servlet engine: [Apache Tomcat/10.1.33]
2024-12-17T18:36:26.695-05:00  INFO 15836 --- [eureka-server] [           main] o.a.c.c.C.[Tomcat].[localhost].[/]       : Initializing Spring embedded WebApplicationContext
2024-12-17T18:36:26.697-05:00  INFO 15836 --- [eureka-server] [           main] w.s.c.ServletWebServerApplicationContext : Root WebApplicationContext: initialization completed in 5414 ms
Standard Commons Logging discovery in action with spring-jcl: please remove commons-logging.jar from classpath in order to avoid potential conflicts
2024-12-17T18:36:29.415-05:00  INFO 15836 --- [eureka-server] [           main] c.n.d.provider.DiscoveryJerseyProvider   : Using JSON encoding codec LegacyJacksonJson
2024-12-17T18:36:29.419-05:00  INFO 15836 --- [eureka-server] [           main] c.n.d.provider.DiscoveryJerseyProvider   : Using JSON decoding codec LegacyJacksonJson
2024-12-17T18:36:29.812-05:00  INFO 15836 --- [eureka-server] [           main] c.n.d.provider.DiscoveryJerseyProvider   : Using XML encoding codec XStreamXml
2024-12-17T18:36:29.812-05:00  INFO 15836 --- [eureka-server] [           main] c.n.d.provider.DiscoveryJerseyProvider   : Using XML decoding codec XStreamXml
2024-12-17T18:36:32.338-05:00  WARN 15836 --- [eureka-server] [           main] iguration$LoadBalancerCaffeineWarnLogger : Spring Cloud LoadBalancer is currently working with the default cache. While this cache implementation is useful for development and tests, it's recommended to use Caffeine cache in production.You can switch to using Caffeine cache, by adding it and org.springframework.cache.caffeine.CaffeineCacheManager to the classpath.
2024-12-17T18:36:32.419-05:00  INFO 15836 --- [eureka-server] [           main] o.s.c.n.eureka.InstanceInfoFactory       : Setting initial instance status as: STARTING
2024-12-17T18:36:32.480-05:00  INFO 15836 --- [eureka-server] [           main] com.netflix.discovery.DiscoveryClient    : Initializing Eureka in region us-east-1
2024-12-17T18:36:32.480-05:00  INFO 15836 --- [eureka-server] [           main] com.netflix.discovery.DiscoveryClient    : Client configured to neither register nor query for data.
2024-12-17T18:36:32.485-05:00  INFO 15836 --- [eureka-server] [           main] com.netflix.discovery.DiscoveryClient    : Discovery Client initialized at timestamp 1734478592483 with initial instances count: 0
2024-12-17T18:36:32.620-05:00  INFO 15836 --- [eureka-server] [           main] c.n.eureka.DefaultEurekaServerContext    : Initializing ...
2024-12-17T18:36:32.623-05:00  INFO 15836 --- [eureka-server] [           main] c.n.eureka.cluster.PeerEurekaNodes       : Adding new peer nodes [http://localhost:8761/eureka/]
2024-12-17T18:36:32.955-05:00  INFO 15836 --- [eureka-server] [           main] c.n.d.provider.DiscoveryJerseyProvider   : Using JSON encoding codec LegacyJacksonJson
2024-12-17T18:36:32.955-05:00  INFO 15836 --- [eureka-server] [           main] c.n.d.provider.DiscoveryJerseyProvider   : Using JSON decoding codec LegacyJacksonJson
2024-12-17T18:36:32.955-05:00  INFO 15836 --- [eureka-server] [           main] c.n.d.provider.DiscoveryJerseyProvider   : Using XML encoding codec XStreamXml
2024-12-17T18:36:32.955-05:00  INFO 15836 --- [eureka-server] [           main] c.n.d.provider.DiscoveryJerseyProvider   : Using XML decoding codec XStreamXml
2024-12-17T18:36:33.089-05:00  INFO 15836 --- [eureka-server] [           main] c.n.eureka.cluster.PeerEurekaNodes       : Replica node URL:  http://localhost:8761/eureka/
2024-12-17T18:36:33.123-05:00  INFO 15836 --- [eureka-server] [           main] c.n.e.registry.AbstractInstanceRegistry  : Finished initializing remote region registries. All known remote regions: []
2024-12-17T18:36:33.124-05:00  INFO 15836 --- [eureka-server] [           main] c.n.eureka.DefaultEurekaServerContext    : Initialized
2024-12-17T18:36:33.148-05:00  INFO 15836 --- [eureka-server] [           main] o.s.b.a.e.web.EndpointLinksResolver      : Exposing 1 endpoint beneath base path '/actuator'
2024-12-17T18:36:33.265-05:00  INFO 15836 --- [eureka-server] [           main] o.s.c.n.e.s.EurekaServiceRegistry        : Registering application EUREKA-SERVER with eureka with status UP
2024-12-17T18:36:33.326-05:00  INFO 15836 --- [eureka-server] [           main] o.s.b.w.embedded.tomcat.TomcatWebServer  : Tomcat started on port 8761 (http) with context path '/'
2024-12-17T18:36:33.327-05:00  INFO 15836 --- [eureka-server] [       Thread-9] o.s.c.n.e.server.EurekaServerBootstrap   : isAws returned false
2024-12-17T18:36:33.328-05:00  INFO 15836 --- [eureka-server] [           main] .s.c.n.e.s.EurekaAutoServiceRegistration : Updating port to 8761
2024-12-17T18:36:33.332-05:00  INFO 15836 --- [eureka-server] [       Thread-9] o.s.c.n.e.server.EurekaServerBootstrap   : Initialized server context
2024-12-17T18:36:33.333-05:00  INFO 15836 --- [eureka-server] [       Thread-9] c.n.e.r.PeerAwareInstanceRegistryImpl    : Got 1 instances from neighboring DS node
2024-12-17T18:36:33.334-05:00  INFO 15836 --- [eureka-server] [       Thread-9] c.n.e.r.PeerAwareInstanceRegistryImpl    : Renew threshold is: 1
2024-12-17T18:36:33.339-05:00  INFO 15836 --- [eureka-server] [       Thread-9] c.n.e.r.PeerAwareInstanceRegistryImpl    : Changing status to UP
2024-12-17T18:36:33.361-05:00  INFO 15836 --- [eureka-server] [       Thread-9] e.s.EurekaServerInitializerConfiguration : Started Eureka Server
2024-12-17T18:36:33.570-05:00  INFO 15836 --- [eureka-server] [           main] c.s.i.e.EurekaServerApplication          : Started EurekaServerApplication in 14.033 seconds (process running for 15.304)
2024-12-17T18:37:04.594-05:00  INFO 15836 --- [eureka-server] [nio-8761-exec-2] o.a.c.c.C.[Tomcat].[localhost].[/]       : Initializing Spring DispatcherServlet 'dispatcherServlet'
2024-12-17T18:37:04.595-05:00  INFO 15836 --- [eureka-server] [nio-8761-exec-2] o.s.web.servlet.DispatcherServlet        : Initializing Servlet 'dispatcherServlet'
2024-12-17T18:37:04.597-05:00  INFO 15836 --- [eureka-server] [nio-8761-exec-2] o.s.web.servlet.DispatcherServlet        : Completed initialization in 2 ms
2024-12-17T18:37:05.042-05:00  INFO 15836 --- [eureka-server] [nio-8761-exec-6] c.n.e.registry.AbstractInstanceRegistry  : Registered instance MS-TRANSACTIONS/host.docker.internal:ms-transactions:8083 with status UP (replication=false)
2024-12-17T18:37:05.836-05:00  INFO 15836 --- [eureka-server] [nio-8761-exec-3] c.n.e.registry.AbstractInstanceRegistry  : Registered instance MS-TRANSACTIONS/host.docker.internal:ms-transactions:8083 with status UP (replication=true)
2024-12-17T18:37:08.684-05:00  INFO 15836 --- [eureka-server] [nio-8761-exec-7] c.n.e.registry.AbstractInstanceRegistry  : Cancelled instance MS-TRANSACTIONS/host.docker.internal:ms-transactions:8083 (replication=false)
2024-12-17T18:37:09.196-05:00  WARN 15836 --- [eureka-server] [nio-8761-exec-1] c.n.e.registry.AbstractInstanceRegistry  : DS: Registry: cancel failed because Lease is not registered for: MS-TRANSACTIONS/host.docker.internal:ms-transactions:8083
2024-12-17T18:37:09.196-05:00  INFO 15836 --- [eureka-server] [nio-8761-exec-1] c.n.eureka.resources.InstanceResource    : Not Found (Cancel): MS-TRANSACTIONS - host.docker.internal:ms-transactions:8083
2024-12-17T18:37:09.198-05:00  WARN 15836 --- [eureka-server] [get_localhost-0] c.n.eureka.cluster.ReplicationTask       : The replication of task MS-TRANSACTIONS/host.docker.internal:ms-transactions:8083:Cancel@localhost failed with response code 404
2024-12-17T18:37:09.198-05:00  WARN 15836 --- [eureka-server] [get_localhost-0] c.netflix.eureka.cluster.PeerEurekaNode  : MS-TRANSACTIONS/host.docker.internal:ms-transactions:8083:Cancel@localhost: missing entry.
2024-12-17T18:37:33.357-05:00  INFO 15836 --- [eureka-server] [a-EvictionTimer] c.n.e.registry.AbstractInstanceRegistry  : Running the evict task with compensationTime 0ms
2024-12-17T18:37:33.631-05:00  INFO 15836 --- [eureka-server] [nio-8761-exec-8] c.n.e.registry.AbstractInstanceRegistry  : Registered instance MS-TRANSACTIONS/host.docker.internal:ms-transactions:8083 with status UP (replication=false)
2024-12-17T18:37:34.143-05:00  INFO 15836 --- [eureka-server] [nio-8761-exec-9] c.n.e.registry.AbstractInstanceRegistry  : Registered instance MS-TRANSACTIONS/host.docker.internal:ms-transactions:8083 with status UP (replication=true)
2024-12-17T18:37:53.012-05:00  INFO 15836 --- [eureka-server] [nio-8761-exec-6] c.n.e.registry.AbstractInstanceRegistry  : Registered instance MS-PRODUCT/host.docker.internal:ms-product:8081 with status UP (replication=false)
2024-12-17T18:37:53.528-05:00  INFO 15836 --- [eureka-server] [nio-8761-exec-3] c.n.e.registry.AbstractInstanceRegistry  : Registered instance MS-PRODUCT/host.docker.internal:ms-product:8081 with status UP (replication=true)
2024-12-17T18:38:09.370-05:00  INFO 15836 --- [eureka-server] [nio-8761-exec-5] c.n.e.registry.AbstractInstanceRegistry  : Registered instance MS-CUSTOMER/host.docker.internal:ms-customer:8082 with status UP (replication=false)
2024-12-17T18:38:09.877-05:00  INFO 15836 --- [eureka-server] [nio-8761-exec-8] c.n.e.registry.AbstractInstanceRegistry  : Registered instance MS-CUSTOMER/host.docker.internal:ms-customer:8082 with status UP (replication=true)
2024-12-17T18:38:13.113-05:00  INFO 15836 --- [eureka-server] [nio-8761-exec-9] c.n.e.registry.AbstractInstanceRegistry  : Cancelled instance MS-CUSTOMER/host.docker.internal:ms-customer:8082 (replication=false)
2024-12-17T18:38:13.618-05:00  WARN 15836 --- [eureka-server] [nio-8761-exec-3] c.n.e.registry.AbstractInstanceRegistry  : DS: Registry: cancel failed because Lease is not registered for: MS-CUSTOMER/host.docker.internal:ms-customer:8082
2024-12-17T18:38:13.618-05:00  INFO 15836 --- [eureka-server] [nio-8761-exec-3] c.n.eureka.resources.InstanceResource    : Not Found (Cancel): MS-CUSTOMER - host.docker.internal:ms-customer:8082
2024-12-17T18:38:13.621-05:00  WARN 15836 --- [eureka-server] [et_localhost-13] c.n.eureka.cluster.ReplicationTask       : The replication of task MS-CUSTOMER/host.docker.internal:ms-customer:8082:Cancel@localhost failed with response code 404
2024-12-17T18:38:13.621-05:00  WARN 15836 --- [eureka-server] [et_localhost-13] c.netflix.eureka.cluster.PeerEurekaNode  : MS-CUSTOMER/host.docker.internal:ms-customer:8082:Cancel@localhost: missing entry.
2024-12-17T18:38:33.357-05:00  INFO 15836 --- [eureka-server] [a-EvictionTimer] c.n.e.registry.AbstractInstanceRegistry  : Running the evict task with compensationTime 0ms
2024-12-17T18:38:35.773-05:00  INFO 15836 --- [eureka-server] [nio-8761-exec-6] c.n.e.registry.AbstractInstanceRegistry  : Registered instance MS-CUSTOMER/host.docker.internal:ms-customer:8082 with status UP (replication=false)
2024-12-17T18:38:36.280-05:00  INFO 15836 --- [eureka-server] [nio-8761-exec-2] c.n.e.registry.AbstractInstanceRegistry  : Registered instance MS-CUSTOMER/host.docker.internal:ms-customer:8082 with status UP (replication=true)
2024-12-17T18:39:33.358-05:00  INFO 15836 --- [eureka-server] [a-EvictionTimer] c.n.e.registry.AbstractInstanceRegistry  : Running the evict task with compensationTime 0ms
