Error: Unable to access jarfile C:/Users/LAPLEN49/Documents/ms/observability/observability/target/observability-0.0.1-SNAPSHOT.jar

  .   ____          _            __ _ _
 /\\ / ___'_ __ _ _(_)_ __  __ _ \ \ \ \
( ( )\___ | '_ | '_| | '_ \/ _` | \ \ \ \
 \\/  ___)| |_)| | | | | || (_| |  ) ) ) )
  '  |____| .__|_| |_|_| |_\__, | / / / /
 =========|_|==============|___/=/_/_/_/

 :: Spring Boot ::                (v3.4.0)

2024-12-17T18:40:15.325-05:00  INFO 12632 --- [observability] [           main] c.s.i.o.ObservabilityApplication         : Starting ObservabilityApplication v0.0.1-SNAPSHOT using Java 17.0.2 with PID 12632 (C:\Users\LAPLEN49\Documents\ms\observability\observability\target\observability-0.0.1-SNAPSHOT.jar started by LAPLEN49 in C:\Users\LAPLEN49\Documents\ms\observability\observability)
2024-12-17T18:40:15.344-05:00  INFO 12632 --- [observability] [           main] c.s.i.o.ObservabilityApplication         : No active profile set, falling back to 1 default profile: "default"
2024-12-17T18:40:19.009-05:00  INFO 12632 --- [observability] [           main] o.s.cloud.context.scope.GenericScope     : BeanFactory id=66db588f-d169-3238-bc3c-240f715d496b
2024-12-17T18:40:20.641-05:00  INFO 12632 --- [observability] [           main] o.s.b.w.embedded.tomcat.TomcatWebServer  : Tomcat initialized with port 8062 (http)
2024-12-17T18:40:20.707-05:00  INFO 12632 --- [observability] [           main] o.apache.catalina.core.StandardService   : Starting service [Tomcat]
2024-12-17T18:40:20.707-05:00  INFO 12632 --- [observability] [           main] o.apache.catalina.core.StandardEngine    : Starting Servlet engine: [Apache Tomcat/10.1.33]
2024-12-17T18:40:20.881-05:00  INFO 12632 --- [observability] [           main] o.a.c.c.C.[Tomcat].[localhost].[/]       : Initializing Spring embedded WebApplicationContext
2024-12-17T18:40:20.884-05:00  INFO 12632 --- [observability] [           main] w.s.c.ServletWebServerApplicationContext : Root WebApplicationContext: initialization completed in 5407 ms
2024-12-17T18:40:23.185-05:00  WARN 12632 --- [observability] [           main] ion$DefaultTemplateResolverConfiguration : Cannot find template location: classpath:/templates/ (please add some templates, check your Thymeleaf configuration, or set spring.thymeleaf.check-template-location=false)
2024-12-17T18:40:24.757-05:00  INFO 12632 --- [observability] [           main] DiscoveryClientOptionalArgsConfiguration : Eureka HTTP Client uses RestTemplate.
2024-12-17T18:40:25.854-05:00  WARN 12632 --- [observability] [           main] iguration$LoadBalancerCaffeineWarnLogger : Spring Cloud LoadBalancer is currently working with the default cache. While this cache implementation is useful for development and tests, it's recommended to use Caffeine cache in production.You can switch to using Caffeine cache, by adding it and org.springframework.cache.caffeine.CaffeineCacheManager to the classpath.
2024-12-17T18:40:25.875-05:00  INFO 12632 --- [observability] [           main] o.s.b.a.e.web.EndpointLinksResolver      : Exposing 17 endpoints beneath base path '/actuator'
2024-12-17T18:40:26.047-05:00  INFO 12632 --- [observability] [           main] o.s.c.n.eureka.InstanceInfoFactory       : Setting initial instance status as: STARTING
2024-12-17T18:40:26.167-05:00  INFO 12632 --- [observability] [           main] com.netflix.discovery.DiscoveryClient    : Initializing Eureka in region us-east-1
2024-12-17T18:40:26.185-05:00  INFO 12632 --- [observability] [           main] c.n.d.s.r.aws.ConfigClusterResolver      : Resolving eureka endpoints via configuration
2024-12-17T18:40:26.225-05:00  INFO 12632 --- [observability] [           main] com.netflix.discovery.DiscoveryClient    : Disable delta property : false
2024-12-17T18:40:26.225-05:00  INFO 12632 --- [observability] [           main] com.netflix.discovery.DiscoveryClient    : Single vip registry refresh property : null
2024-12-17T18:40:26.225-05:00  INFO 12632 --- [observability] [           main] com.netflix.discovery.DiscoveryClient    : Force full registry fetch : false
2024-12-17T18:40:26.225-05:00  INFO 12632 --- [observability] [           main] com.netflix.discovery.DiscoveryClient    : Application is null : false
2024-12-17T18:40:26.226-05:00  INFO 12632 --- [observability] [           main] com.netflix.discovery.DiscoveryClient    : Registered Applications size is zero : true
2024-12-17T18:40:26.226-05:00  INFO 12632 --- [observability] [           main] com.netflix.discovery.DiscoveryClient    : Application version is -1: true
2024-12-17T18:40:26.226-05:00  INFO 12632 --- [observability] [           main] com.netflix.discovery.DiscoveryClient    : Getting all instance registry info from the eureka server
2024-12-17T18:40:27.798-05:00  INFO 12632 --- [observability] [           main] com.netflix.discovery.DiscoveryClient    : The response status is 200
2024-12-17T18:40:27.801-05:00  INFO 12632 --- [observability] [           main] com.netflix.discovery.DiscoveryClient    : Starting heartbeat executor: renew interval is: 30
2024-12-17T18:40:27.805-05:00  INFO 12632 --- [observability] [           main] c.n.discovery.InstanceInfoReplicator     : InstanceInfoReplicator onDemand update allowed rate per min is 4
2024-12-17T18:40:27.809-05:00  INFO 12632 --- [observability] [           main] com.netflix.discovery.DiscoveryClient    : Discovery Client initialized at timestamp 1734478827808 with initial instances count: 0
2024-12-17T18:40:27.821-05:00  INFO 12632 --- [observability] [           main] o.s.c.n.e.s.EurekaServiceRegistry        : Registering application OBSERVABILITY with eureka with status UP
2024-12-17T18:40:27.824-05:00  INFO 12632 --- [observability] [           main] com.netflix.discovery.DiscoveryClient    : Saw local status change event StatusChangeEvent [timestamp=1734478827824, current=UP, previous=STARTING]
2024-12-17T18:40:27.833-05:00  INFO 12632 --- [observability] [foReplicator-%d] com.netflix.discovery.DiscoveryClient    : DiscoveryClient_OBSERVABILITY/host.docker.internal:observability:8062: registering service...
2024-12-17T18:40:28.768-05:00  INFO 12632 --- [observability] [foReplicator-%d] com.netflix.discovery.DiscoveryClient    : DiscoveryClient_OBSERVABILITY/host.docker.internal:observability:8062 - registration status: 204
2024-12-17T18:40:28.803-05:00  INFO 12632 --- [observability] [           main] o.s.b.w.embedded.tomcat.TomcatWebServer  : Tomcat started on port 8062 (http) with context path '/'
2024-12-17T18:40:28.804-05:00  INFO 12632 --- [observability] [           main] .s.c.n.e.s.EurekaAutoServiceRegistration : Updating port to 8062
2024-12-17T18:40:29.335-05:00  INFO 12632 --- [observability] [           main] c.s.i.o.ObservabilityApplication         : Started ObservabilityApplication in 15.173 seconds (process running for 16.443)
2024-12-17T18:40:57.815-05:00  INFO 12632 --- [observability] [reshExecutor-%d] com.netflix.discovery.DiscoveryClient    : Disable delta property : false
2024-12-17T18:40:57.815-05:00  INFO 12632 --- [observability] [reshExecutor-%d] com.netflix.discovery.DiscoveryClient    : Single vip registry refresh property : null
2024-12-17T18:40:57.815-05:00  INFO 12632 --- [observability] [reshExecutor-%d] com.netflix.discovery.DiscoveryClient    : Force full registry fetch : false
2024-12-17T18:40:57.817-05:00  INFO 12632 --- [observability] [reshExecutor-%d] com.netflix.discovery.DiscoveryClient    : Application is null : false
2024-12-17T18:40:57.819-05:00  INFO 12632 --- [observability] [reshExecutor-%d] com.netflix.discovery.DiscoveryClient    : Registered Applications size is zero : true
2024-12-17T18:40:57.819-05:00  INFO 12632 --- [observability] [reshExecutor-%d] com.netflix.discovery.DiscoveryClient    : Application version is -1: false
2024-12-17T18:40:57.819-05:00  INFO 12632 --- [observability] [reshExecutor-%d] com.netflix.discovery.DiscoveryClient    : Getting all instance registry info from the eureka server
2024-12-17T18:40:57.841-05:00  INFO 12632 --- [observability] [reshExecutor-%d] com.netflix.discovery.DiscoveryClient    : The response status is 200
2024-12-17T18:40:58.321-05:00  INFO 12632 --- [observability] [nio-8062-exec-1] o.a.c.c.C.[Tomcat].[localhost].[/]       : Initializing Spring DispatcherServlet 'dispatcherServlet'
2024-12-17T18:40:58.321-05:00  INFO 12632 --- [observability] [nio-8062-exec-1] o.s.web.servlet.DispatcherServlet        : Initializing Servlet 'dispatcherServlet'
2024-12-17T18:40:58.325-05:00  INFO 12632 --- [observability] [nio-8062-exec-1] o.s.web.servlet.DispatcherServlet        : Completed initialization in 3 ms
