
  .   ____          _            __ _ _
 /\\ / ___'_ __ _ _(_)_ __  __ _ \ \ \ \
( ( )\___ | '_ | '_| | '_ \/ _` | \ \ \ \
 \\/  ___)| |_)| | | | | || (_| |  ) ) ) )
  '  |____| .__|_| |_|_| |_\__, | / / / /
 =========|_|==============|___/=/_/_/_/

 :: Spring Boot ::                (v3.4.0)

2024-12-17T18:37:15.385-05:00  INFO 14696 --- [ms-transactions] [           main] c.s.t.TransactionsApplication            : Starting TransactionsApplication v0.0.1-SNAPSHOT using Java 17.0.2 with PID 14696 (C:\Users\LAPLEN49\Documents\ms\transactions\transactions\target\transactions-0.0.1-SNAPSHOT.jar started by LAPLEN49 in C:\Users\LAPLEN49\Documents\ms\transactions\transactions)
2024-12-17T18:37:15.392-05:00  INFO 14696 --- [ms-transactions] [           main] c.s.t.TransactionsApplication            : No active profile set, falling back to 1 default profile: "default"
2024-12-17T18:37:15.543-05:00  INFO 14696 --- [ms-transactions] [           main] o.s.c.c.c.ConfigServerConfigDataLoader   : Fetching config from server at : http://localhost:8888
2024-12-17T18:37:15.544-05:00  INFO 14696 --- [ms-transactions] [           main] o.s.c.c.c.ConfigServerConfigDataLoader   : Located environment: name=ms-transactions, profiles=[dev], label=null, version=b51ee45065546d154d92665156f8f9c3a58f9c1e, state=
2024-12-17T18:37:18.875-05:00  INFO 14696 --- [ms-transactions] [           main] .s.d.r.c.RepositoryConfigurationDelegate : Bootstrapping Spring Data JPA repositories in DEFAULT mode.
2024-12-17T18:37:19.203-05:00  INFO 14696 --- [ms-transactions] [           main] .s.d.r.c.RepositoryConfigurationDelegate : Finished Spring Data repository scanning in 298 ms. Found 1 JPA repository interface.
2024-12-17T18:37:19.938-05:00  INFO 14696 --- [ms-transactions] [           main] o.s.cloud.context.scope.GenericScope     : BeanFactory id=25eeb74c-5184-30eb-9b28-2f03b038f77f
2024-12-17T18:37:22.079-05:00  INFO 14696 --- [ms-transactions] [           main] o.s.b.w.embedded.tomcat.TomcatWebServer  : Tomcat initialized with port 8083 (http)
2024-12-17T18:37:22.167-05:00  INFO 14696 --- [ms-transactions] [           main] o.apache.catalina.core.StandardService   : Starting service [Tomcat]
2024-12-17T18:37:22.167-05:00  INFO 14696 --- [ms-transactions] [           main] o.apache.catalina.core.StandardEngine    : Starting Servlet engine: [Apache Tomcat/10.1.33]
2024-12-17T18:37:22.362-05:00  INFO 14696 --- [ms-transactions] [           main] o.a.c.c.C.[Tomcat].[localhost].[/]       : Initializing Spring embedded WebApplicationContext
2024-12-17T18:37:22.366-05:00  INFO 14696 --- [ms-transactions] [           main] w.s.c.ServletWebServerApplicationContext : Root WebApplicationContext: initialization completed in 6809 ms
2024-12-17T18:37:23.777-05:00  INFO 14696 --- [ms-transactions] [           main] o.hibernate.jpa.internal.util.LogHelper  : HHH000204: Processing PersistenceUnitInfo [name: default]
2024-12-17T18:37:23.952-05:00  INFO 14696 --- [ms-transactions] [           main] org.hibernate.Version                    : HHH000412: Hibernate ORM core version 6.6.2.Final
2024-12-17T18:37:24.032-05:00  INFO 14696 --- [ms-transactions] [           main] o.h.c.internal.RegionFactoryInitiator    : HHH000026: Second-level cache disabled
2024-12-17T18:37:24.662-05:00  INFO 14696 --- [ms-transactions] [           main] o.s.o.j.p.SpringPersistenceUnitInfo      : No LoadTimeWeaver setup: ignoring JPA class transformer
2024-12-17T18:37:24.744-05:00  INFO 14696 --- [ms-transactions] [           main] com.zaxxer.hikari.HikariDataSource       : HikariPool-1 - Starting...
2024-12-17T18:37:25.117-05:00  INFO 14696 --- [ms-transactions] [           main] com.zaxxer.hikari.pool.HikariPool        : HikariPool-1 - Added connection org.postgresql.jdbc.PgConnection@265c0752
2024-12-17T18:37:25.120-05:00  INFO 14696 --- [ms-transactions] [           main] com.zaxxer.hikari.HikariDataSource       : HikariPool-1 - Start completed.
2024-12-17T18:37:25.180-05:00  WARN 14696 --- [ms-transactions] [           main] org.hibernate.orm.deprecation            : HHH90000025: PostgreSQLDialect does not need to be specified explicitly using 'hibernate.dialect' (remove the property setting and it will be selected by default)
2024-12-17T18:37:25.222-05:00  INFO 14696 --- [ms-transactions] [           main] org.hibernate.orm.connections.pooling    : HHH10001005: Database info:
	Database JDBC URL [Connecting through datasource 'HikariDataSource (HikariPool-1)']
	Database driver: undefined/unknown
	Database version: 17.2
	Autocommit mode: undefined/unknown
	Isolation level: undefined/unknown
	Minimum pool size: undefined/unknown
	Maximum pool size: undefined/unknown
2024-12-17T18:37:26.878-05:00  INFO 14696 --- [ms-transactions] [           main] o.h.e.t.j.p.i.JtaPlatformInitiator       : HHH000489: No JTA platform available (set 'hibernate.transaction.jta.platform' to enable JTA platform integration)
2024-12-17T18:37:26.968-05:00  INFO 14696 --- [ms-transactions] [           main] j.LocalContainerEntityManagerFactoryBean : Initialized JPA EntityManagerFactory for persistence unit 'default'
2024-12-17T18:37:27.989-05:00  INFO 14696 --- [ms-transactions] [           main] o.s.d.j.r.query.QueryEnhancerFactory     : Hibernate is in classpath; If applicable, HQL parser will be used.
2024-12-17T18:37:28.578-05:00  WARN 14696 --- [ms-transactions] [           main] JpaBaseConfiguration$JpaWebConfiguration : spring.jpa.open-in-view is enabled by default. Therefore, database queries may be performed during view rendering. Explicitly configure spring.jpa.open-in-view to disable this warning
2024-12-17T18:37:32.329-05:00  INFO 14696 --- [ms-transactions] [           main] DiscoveryClientOptionalArgsConfiguration : Eureka HTTP Client uses RestTemplate.
2024-12-17T18:37:32.546-05:00  WARN 14696 --- [ms-transactions] [           main] iguration$LoadBalancerCaffeineWarnLogger : Spring Cloud LoadBalancer is currently working with the default cache. While this cache implementation is useful for development and tests, it's recommended to use Caffeine cache in production.You can switch to using Caffeine cache, by adding it and org.springframework.cache.caffeine.CaffeineCacheManager to the classpath.
2024-12-17T18:37:32.568-05:00  INFO 14696 --- [ms-transactions] [           main] o.s.b.a.e.web.EndpointLinksResolver      : Exposing 17 endpoints beneath base path '/actuator'
2024-12-17T18:37:32.932-05:00  INFO 14696 --- [ms-transactions] [           main] o.s.c.n.eureka.InstanceInfoFactory       : Setting initial instance status as: STARTING
2024-12-17T18:37:32.997-05:00  INFO 14696 --- [ms-transactions] [           main] com.netflix.discovery.DiscoveryClient    : Initializing Eureka in region us-east-1
2024-12-17T18:37:33.005-05:00  INFO 14696 --- [ms-transactions] [           main] c.n.d.s.r.aws.ConfigClusterResolver      : Resolving eureka endpoints via configuration
2024-12-17T18:37:33.031-05:00  INFO 14696 --- [ms-transactions] [           main] com.netflix.discovery.DiscoveryClient    : Disable delta property : false
2024-12-17T18:37:33.032-05:00  INFO 14696 --- [ms-transactions] [           main] com.netflix.discovery.DiscoveryClient    : Single vip registry refresh property : null
2024-12-17T18:37:33.032-05:00  INFO 14696 --- [ms-transactions] [           main] com.netflix.discovery.DiscoveryClient    : Force full registry fetch : false
2024-12-17T18:37:33.032-05:00  INFO 14696 --- [ms-transactions] [           main] com.netflix.discovery.DiscoveryClient    : Application is null : false
2024-12-17T18:37:33.032-05:00  INFO 14696 --- [ms-transactions] [           main] com.netflix.discovery.DiscoveryClient    : Registered Applications size is zero : true
2024-12-17T18:37:33.032-05:00  INFO 14696 --- [ms-transactions] [           main] com.netflix.discovery.DiscoveryClient    : Application version is -1: true
2024-12-17T18:37:33.032-05:00  INFO 14696 --- [ms-transactions] [           main] com.netflix.discovery.DiscoveryClient    : Getting all instance registry info from the eureka server
2024-12-17T18:37:33.349-05:00  INFO 14696 --- [ms-transactions] [           main] com.netflix.discovery.DiscoveryClient    : The response status is 200
2024-12-17T18:37:33.352-05:00  INFO 14696 --- [ms-transactions] [           main] com.netflix.discovery.DiscoveryClient    : Starting heartbeat executor: renew interval is: 30
2024-12-17T18:37:33.357-05:00  INFO 14696 --- [ms-transactions] [           main] c.n.discovery.InstanceInfoReplicator     : InstanceInfoReplicator onDemand update allowed rate per min is 4
2024-12-17T18:37:33.360-05:00  INFO 14696 --- [ms-transactions] [           main] com.netflix.discovery.DiscoveryClient    : Discovery Client initialized at timestamp 1734478653359 with initial instances count: 0
2024-12-17T18:37:33.385-05:00  INFO 14696 --- [ms-transactions] [           main] o.s.c.n.e.s.EurekaServiceRegistry        : Registering application MS-TRANSACTIONS with eureka with status UP
2024-12-17T18:37:33.387-05:00  INFO 14696 --- [ms-transactions] [           main] com.netflix.discovery.DiscoveryClient    : Saw local status change event StatusChangeEvent [timestamp=1734478653387, current=UP, previous=STARTING]
2024-12-17T18:37:33.391-05:00  WARN 14696 --- [ms-transactions] [           main] c.n.discovery.InstanceInfoReplicator     : Ignoring onDemand update due to rate limiter
2024-12-17T18:37:33.391-05:00  INFO 14696 --- [ms-transactions] [foReplicator-%d] com.netflix.discovery.DiscoveryClient    : DiscoveryClient_MS-TRANSACTIONS/host.docker.internal:ms-transactions:8083: registering service...
2024-12-17T18:37:33.448-05:00  INFO 14696 --- [ms-transactions] [           main] o.s.b.w.embedded.tomcat.TomcatWebServer  : Tomcat started on port 8083 (http) with context path '/'
2024-12-17T18:37:33.450-05:00  INFO 14696 --- [ms-transactions] [           main] .s.c.n.e.s.EurekaAutoServiceRegistration : Updating port to 8083
2024-12-17T18:37:33.636-05:00  INFO 14696 --- [ms-transactions] [foReplicator-%d] com.netflix.discovery.DiscoveryClient    : DiscoveryClient_MS-TRANSACTIONS/host.docker.internal:ms-transactions:8083 - registration status: 204
2024-12-17T18:37:34.168-05:00  INFO 14696 --- [ms-transactions] [           main] c.s.t.TransactionsApplication            : Started TransactionsApplication in 21.984 seconds (process running for 23.139)
2024-12-17T18:37:34.290-05:00  WARN 14696 --- [ms-transactions] [gistrationTask1] d.c.b.a.c.r.ApplicationRegistrator       : Failed to register application as Application(name=ms-transactions, managementUrl=http://host.docker.internal:8083/actuator, healthUrl=http://host.docker.internal:8083/actuator/health, serviceUrl=http://host.docker.internal:8083/) at spring-boot-admin ([http://localhost:8062/instances]): I/O error on POST request for "http://localhost:8062/instances": Connect to http://localhost:8062 [localhost/127.0.0.1, localhost/0:0:0:0:0:0:0:1] failed: Connection refused: no further information. Further attempts are logged on DEBUG level
2024-12-17T18:38:03.362-05:00  INFO 14696 --- [ms-transactions] [reshExecutor-%d] com.netflix.discovery.DiscoveryClient    : Disable delta property : false
2024-12-17T18:38:03.362-05:00  INFO 14696 --- [ms-transactions] [reshExecutor-%d] com.netflix.discovery.DiscoveryClient    : Single vip registry refresh property : null
2024-12-17T18:38:03.362-05:00  INFO 14696 --- [ms-transactions] [reshExecutor-%d] com.netflix.discovery.DiscoveryClient    : Force full registry fetch : false
2024-12-17T18:38:03.363-05:00  INFO 14696 --- [ms-transactions] [reshExecutor-%d] com.netflix.discovery.DiscoveryClient    : Application is null : false
2024-12-17T18:38:03.364-05:00  INFO 14696 --- [ms-transactions] [reshExecutor-%d] com.netflix.discovery.DiscoveryClient    : Registered Applications size is zero : true
2024-12-17T18:38:03.364-05:00  INFO 14696 --- [ms-transactions] [reshExecutor-%d] com.netflix.discovery.DiscoveryClient    : Application version is -1: false
2024-12-17T18:38:03.364-05:00  INFO 14696 --- [ms-transactions] [reshExecutor-%d] com.netflix.discovery.DiscoveryClient    : Getting all instance registry info from the eureka server
2024-12-17T18:38:03.380-05:00  INFO 14696 --- [ms-transactions] [reshExecutor-%d] com.netflix.discovery.DiscoveryClient    : The response status is 200

  .   ____          _            __ _ _
 /\\ / ___'_ __ _ _(_)_ __  __ _ \ \ \ \
( ( )\___ | '_ | '_| | '_ \/ _` | \ \ \ \
 \\/  ___)| |_)| | | | | || (_| |  ) ) ) )
  '  |____| .__|_| |_|_| |_\__, | / / / /
 =========|_|==============|___/=/_/_/_/

 :: Spring Boot ::                (v3.4.0)

2024-12-17T18:41:12.041-05:00  INFO 19200 --- [ms-transactions] [           main] c.s.t.TransactionsApplication            : Starting TransactionsApplication v0.0.1-SNAPSHOT using Java 17.0.2 with PID 19200 (C:\Users\LAPLEN49\Documents\ms\transactions\transactions\target\transactions-0.0.1-SNAPSHOT.jar started by LAPLEN49 in C:\Users\LAPLEN49\Documents\ms\transactions\transactions)
2024-12-17T18:41:12.046-05:00  INFO 19200 --- [ms-transactions] [           main] c.s.t.TransactionsApplication            : No active profile set, falling back to 1 default profile: "default"
2024-12-17T18:41:12.160-05:00  INFO 19200 --- [ms-transactions] [           main] o.s.c.c.c.ConfigServerConfigDataLoader   : Fetching config from server at : http://localhost:8888
2024-12-17T18:41:12.160-05:00  INFO 19200 --- [ms-transactions] [           main] o.s.c.c.c.ConfigServerConfigDataLoader   : Located environment: name=ms-transactions, profiles=[dev], label=null, version=b51ee45065546d154d92665156f8f9c3a58f9c1e, state=
2024-12-17T18:41:15.499-05:00  INFO 19200 --- [ms-transactions] [           main] .s.d.r.c.RepositoryConfigurationDelegate : Bootstrapping Spring Data JPA repositories in DEFAULT mode.
2024-12-17T18:41:15.825-05:00  INFO 19200 --- [ms-transactions] [           main] .s.d.r.c.RepositoryConfigurationDelegate : Finished Spring Data repository scanning in 289 ms. Found 1 JPA repository interface.
2024-12-17T18:41:16.700-05:00  INFO 19200 --- [ms-transactions] [           main] o.s.cloud.context.scope.GenericScope     : BeanFactory id=25eeb74c-5184-30eb-9b28-2f03b038f77f
2024-12-17T18:41:18.718-05:00  INFO 19200 --- [ms-transactions] [           main] o.s.b.w.embedded.tomcat.TomcatWebServer  : Tomcat initialized with port 8083 (http)
2024-12-17T18:41:18.768-05:00  INFO 19200 --- [ms-transactions] [           main] o.apache.catalina.core.StandardService   : Starting service [Tomcat]
2024-12-17T18:41:18.769-05:00  INFO 19200 --- [ms-transactions] [           main] o.apache.catalina.core.StandardEngine    : Starting Servlet engine: [Apache Tomcat/10.1.33]
2024-12-17T18:41:18.906-05:00  INFO 19200 --- [ms-transactions] [           main] o.a.c.c.C.[Tomcat].[localhost].[/]       : Initializing Spring embedded WebApplicationContext
2024-12-17T18:41:18.908-05:00  INFO 19200 --- [ms-transactions] [           main] w.s.c.ServletWebServerApplicationContext : Root WebApplicationContext: initialization completed in 6742 ms
2024-12-17T18:41:19.930-05:00  INFO 19200 --- [ms-transactions] [           main] o.hibernate.jpa.internal.util.LogHelper  : HHH000204: Processing PersistenceUnitInfo [name: default]
2024-12-17T18:41:20.129-05:00  INFO 19200 --- [ms-transactions] [           main] org.hibernate.Version                    : HHH000412: Hibernate ORM core version 6.6.2.Final
2024-12-17T18:41:20.259-05:00  INFO 19200 --- [ms-transactions] [           main] o.h.c.internal.RegionFactoryInitiator    : HHH000026: Second-level cache disabled
2024-12-17T18:41:21.224-05:00  INFO 19200 --- [ms-transactions] [           main] o.s.o.j.p.SpringPersistenceUnitInfo      : No LoadTimeWeaver setup: ignoring JPA class transformer
2024-12-17T18:41:21.309-05:00  INFO 19200 --- [ms-transactions] [           main] com.zaxxer.hikari.HikariDataSource       : HikariPool-1 - Starting...
2024-12-17T18:41:21.652-05:00  INFO 19200 --- [ms-transactions] [           main] com.zaxxer.hikari.pool.HikariPool        : HikariPool-1 - Added connection org.postgresql.jdbc.PgConnection@2d114d27
2024-12-17T18:41:21.656-05:00  INFO 19200 --- [ms-transactions] [           main] com.zaxxer.hikari.HikariDataSource       : HikariPool-1 - Start completed.
2024-12-17T18:41:21.699-05:00  WARN 19200 --- [ms-transactions] [           main] org.hibernate.orm.deprecation            : HHH90000025: PostgreSQLDialect does not need to be specified explicitly using 'hibernate.dialect' (remove the property setting and it will be selected by default)
2024-12-17T18:41:21.734-05:00  INFO 19200 --- [ms-transactions] [           main] org.hibernate.orm.connections.pooling    : HHH10001005: Database info:
	Database JDBC URL [Connecting through datasource 'HikariDataSource (HikariPool-1)']
	Database driver: undefined/unknown
	Database version: 17.2
	Autocommit mode: undefined/unknown
	Isolation level: undefined/unknown
	Minimum pool size: undefined/unknown
	Maximum pool size: undefined/unknown
2024-12-17T18:41:23.342-05:00  INFO 19200 --- [ms-transactions] [           main] o.h.e.t.j.p.i.JtaPlatformInitiator       : HHH000489: No JTA platform available (set 'hibernate.transaction.jta.platform' to enable JTA platform integration)
2024-12-17T18:41:23.440-05:00  INFO 19200 --- [ms-transactions] [           main] j.LocalContainerEntityManagerFactoryBean : Initialized JPA EntityManagerFactory for persistence unit 'default'
2024-12-17T18:41:23.940-05:00  INFO 19200 --- [ms-transactions] [           main] o.s.d.j.r.query.QueryEnhancerFactory     : Hibernate is in classpath; If applicable, HQL parser will be used.
2024-12-17T18:41:24.231-05:00  WARN 19200 --- [ms-transactions] [           main] JpaBaseConfiguration$JpaWebConfiguration : spring.jpa.open-in-view is enabled by default. Therefore, database queries may be performed during view rendering. Explicitly configure spring.jpa.open-in-view to disable this warning
2024-12-17T18:41:28.741-05:00  INFO 19200 --- [ms-transactions] [           main] DiscoveryClientOptionalArgsConfiguration : Eureka HTTP Client uses RestTemplate.
2024-12-17T18:41:28.980-05:00  WARN 19200 --- [ms-transactions] [           main] iguration$LoadBalancerCaffeineWarnLogger : Spring Cloud LoadBalancer is currently working with the default cache. While this cache implementation is useful for development and tests, it's recommended to use Caffeine cache in production.You can switch to using Caffeine cache, by adding it and org.springframework.cache.caffeine.CaffeineCacheManager to the classpath.
2024-12-17T18:41:29.008-05:00  INFO 19200 --- [ms-transactions] [           main] o.s.b.a.e.web.EndpointLinksResolver      : Exposing 17 endpoints beneath base path '/actuator'
2024-12-17T18:41:29.428-05:00  INFO 19200 --- [ms-transactions] [           main] o.s.c.n.eureka.InstanceInfoFactory       : Setting initial instance status as: STARTING
2024-12-17T18:41:29.522-05:00  INFO 19200 --- [ms-transactions] [           main] com.netflix.discovery.DiscoveryClient    : Initializing Eureka in region us-east-1
2024-12-17T18:41:29.533-05:00  INFO 19200 --- [ms-transactions] [           main] c.n.d.s.r.aws.ConfigClusterResolver      : Resolving eureka endpoints via configuration
2024-12-17T18:41:29.566-05:00  INFO 19200 --- [ms-transactions] [           main] com.netflix.discovery.DiscoveryClient    : Disable delta property : false
2024-12-17T18:41:29.568-05:00  INFO 19200 --- [ms-transactions] [           main] com.netflix.discovery.DiscoveryClient    : Single vip registry refresh property : null
2024-12-17T18:41:29.568-05:00  INFO 19200 --- [ms-transactions] [           main] com.netflix.discovery.DiscoveryClient    : Force full registry fetch : false
2024-12-17T18:41:29.569-05:00  INFO 19200 --- [ms-transactions] [           main] com.netflix.discovery.DiscoveryClient    : Application is null : false
2024-12-17T18:41:29.570-05:00  INFO 19200 --- [ms-transactions] [           main] com.netflix.discovery.DiscoveryClient    : Registered Applications size is zero : true
2024-12-17T18:41:29.570-05:00  INFO 19200 --- [ms-transactions] [           main] com.netflix.discovery.DiscoveryClient    : Application version is -1: true
2024-12-17T18:41:29.570-05:00  INFO 19200 --- [ms-transactions] [           main] com.netflix.discovery.DiscoveryClient    : Getting all instance registry info from the eureka server
2024-12-17T18:41:30.142-05:00  INFO 19200 --- [ms-transactions] [           main] com.netflix.discovery.DiscoveryClient    : The response status is 200
2024-12-17T18:41:30.156-05:00  INFO 19200 --- [ms-transactions] [           main] com.netflix.discovery.DiscoveryClient    : Starting heartbeat executor: renew interval is: 30
2024-12-17T18:41:30.165-05:00  INFO 19200 --- [ms-transactions] [           main] c.n.discovery.InstanceInfoReplicator     : InstanceInfoReplicator onDemand update allowed rate per min is 4
2024-12-17T18:41:30.168-05:00  INFO 19200 --- [ms-transactions] [           main] com.netflix.discovery.DiscoveryClient    : Discovery Client initialized at timestamp 1734478890168 with initial instances count: 1
2024-12-17T18:41:30.184-05:00  INFO 19200 --- [ms-transactions] [           main] o.s.c.n.e.s.EurekaServiceRegistry        : Registering application MS-TRANSACTIONS with eureka with status UP
2024-12-17T18:41:30.186-05:00  INFO 19200 --- [ms-transactions] [           main] com.netflix.discovery.DiscoveryClient    : Saw local status change event StatusChangeEvent [timestamp=1734478890186, current=UP, previous=STARTING]
2024-12-17T18:41:30.187-05:00  WARN 19200 --- [ms-transactions] [           main] c.n.discovery.InstanceInfoReplicator     : Ignoring onDemand update due to rate limiter
2024-12-17T18:41:30.237-05:00  INFO 19200 --- [ms-transactions] [           main] o.s.b.w.embedded.tomcat.TomcatWebServer  : Tomcat started on port 8083 (http) with context path '/'
2024-12-17T18:41:30.239-05:00  INFO 19200 --- [ms-transactions] [           main] .s.c.n.e.s.EurekaAutoServiceRegistration : Updating port to 8083
2024-12-17T18:41:30.688-05:00  INFO 19200 --- [ms-transactions] [foReplicator-%d] com.netflix.discovery.DiscoveryClient    : DiscoveryClient_MS-TRANSACTIONS/host.docker.internal:ms-transactions:8083: registering service...
2024-12-17T18:41:30.809-05:00  INFO 19200 --- [ms-transactions] [foReplicator-%d] com.netflix.discovery.DiscoveryClient    : DiscoveryClient_MS-TRANSACTIONS/host.docker.internal:ms-transactions:8083 - registration status: 204
2024-12-17T18:41:31.555-05:00  INFO 19200 --- [ms-transactions] [           main] c.s.t.TransactionsApplication            : Started TransactionsApplication in 22.916 seconds (process running for 24.089)
2024-12-17T18:41:32.207-05:00  INFO 19200 --- [ms-transactions] [nio-8083-exec-3] o.a.c.c.C.[Tomcat].[localhost].[/]       : Initializing Spring DispatcherServlet 'dispatcherServlet'
2024-12-17T18:41:32.207-05:00  INFO 19200 --- [ms-transactions] [nio-8083-exec-3] o.s.web.servlet.DispatcherServlet        : Initializing Servlet 'dispatcherServlet'
2024-12-17T18:41:32.211-05:00  INFO 19200 --- [ms-transactions] [nio-8083-exec-3] o.s.web.servlet.DispatcherServlet        : Completed initialization in 3 ms
2024-12-17T18:41:32.464-05:00  INFO 19200 --- [ms-transactions] [gistrationTask1] d.c.b.a.c.r.ApplicationRegistrator       : Application registered itself as 3b128ba1ab16
